<?xml version="1.0" encoding="UTF-8"?>
<!-- Generated by org.testng.reporters.JUnitReportReporter -->
<testsuite hostname="SPKarthick" failures="0" tests="3" name="com.coursera.org.Test.LanguageLearningCourseCountTest" time="17.261" errors="0" timestamp="2021-10-03T17:43:51 IST" skipped="0">
  <testcase classname="com.coursera.org.Test.LanguageLearningCourseCountTest" name="testLoadLanguageLearningPage" time="7.575"/>
  <system-out/>
  <testcase classname="com.coursera.org.Test.LanguageLearningCourseCountTest" name="testLanguageFilterAndPrintingValuesInExcel" time="8.641"/>
  <system-out/>
  <testcase classname="com.coursera.org.Test.LanguageLearningCourseCountTest" name="testLevelFilterAndPrintingValuesInExcel" time="1.045"/>
  <system-out/>
</testsuite> <!-- com.coursera.org.Test.LanguageLearningCourseCountTest -->
