<?xml version="1.0" encoding="UTF-8"?>
<!-- Generated by org.testng.reporters.JUnitReportReporter -->
<testsuite hostname="SPKarthick" failures="0" tests="13" name="com.coursera.org.Test.FormFillingTestWithInvalidData" time="308.476" errors="0" timestamp="2021-10-03T17:43:51 IST" skipped="0">
  <testcase classname="com.coursera.org.Test.FormFillingTestWithInvalidData" name="testLocateFormForRegressionTest" time="14.673"/>
  <system-out/>
  <testcase classname="com.coursera.org.Test.FormFillingTestWithInvalidData" name="testPassingInvalidDataIntoForm" time="24.778"/>
  <system-out/>
  <testcase classname="com.coursera.org.Test.FormFillingTestWithInvalidData" name="testPassingInvalidDataIntoForm" time="24.171"/>
  <system-out/>
  <testcase classname="com.coursera.org.Test.FormFillingTestWithInvalidData" name="testPassingInvalidDataIntoForm" time="25.834"/>
  <system-out/>
  <testcase classname="com.coursera.org.Test.FormFillingTestWithInvalidData" name="testPassingInvalidDataIntoForm" time="22.420"/>
  <system-out/>
  <testcase classname="com.coursera.org.Test.FormFillingTestWithInvalidData" name="testPassingInvalidDataIntoForm" time="24.486"/>
  <system-out/>
  <testcase classname="com.coursera.org.Test.FormFillingTestWithInvalidData" name="testPassingInvalidDataIntoForm" time="25.434"/>
  <system-out/>
  <testcase classname="com.coursera.org.Test.FormFillingTestWithInvalidData" name="testPassingInvalidDataIntoForm" time="23.846"/>
  <system-out/>
  <testcase classname="com.coursera.org.Test.FormFillingTestWithInvalidData" name="testPassingInvalidDataIntoForm" time="24.606"/>
  <system-out/>
  <testcase classname="com.coursera.org.Test.FormFillingTestWithInvalidData" name="testPassingInvalidDataIntoForm" time="25.687"/>
  <system-out/>
  <testcase classname="com.coursera.org.Test.FormFillingTestWithInvalidData" name="testPassingInvalidDataIntoForm" time="24.703"/>
  <system-out/>
  <testcase classname="com.coursera.org.Test.FormFillingTestWithInvalidData" name="testPassingInvalidDataIntoForm" time="23.939"/>
  <system-out/>
  <testcase classname="com.coursera.org.Test.FormFillingTestWithInvalidData" name="testPassingInvalidDataIntoForm" time="23.899"/>
  <system-out/>
</testsuite> <!-- com.coursera.org.Test.FormFillingTestWithInvalidData -->
