<?xml version="1.0" encoding="UTF-8"?>
<!-- Generated by org.testng.reporters.JUnitReportReporter -->
<testsuite hostname="SPKarthick" failures="0" tests="2" name="com.coursera.org.Test.FormFillingTestWithValidData" time="42.439" errors="0" timestamp="2021-10-03T17:43:51 IST" skipped="0">
  <testcase classname="com.coursera.org.Test.FormFillingTestWithValidData" name="testLocateFormForSmokeTest" time="18.834"/>
  <system-out/>
  <testcase classname="com.coursera.org.Test.FormFillingTestWithValidData" name="testPassValidDetails" time="23.605"/>
  <system-out/>
</testsuite> <!-- com.coursera.org.Test.FormFillingTestWithValidData -->
