<?xml version="1.0" encoding="UTF-8"?>
<!-- Generated by org.testng.reporters.JUnitReportReporter -->
<testsuite hostname="SPKarthick" failures="0" tests="6" name="com.coursera.org.Test.IdentifyCoursesTest$validateIdentifyCourses" time="26.485" errors="0" timestamp="2021-10-03T17:43:51 IST" skipped="0">
  <testcase classname="com.coursera.org.Test.IdentifyCoursesTest$validateIdentifyCourses" name="testSearchingWebDevelopmentCourse" time="5.847"/>
  <system-out/>
  <testcase classname="com.coursera.org.Test.IdentifyCoursesTest$validateIdentifyCourses" name="testApplyLanguagefilterAsEnglish" time="2.613"/>
  <system-out/>
  <testcase classname="com.coursera.org.Test.IdentifyCoursesTest$validateIdentifyCourses" name="testApplyLevelfilterAsBeginner" time="4.648"/>
  <system-out/>
  <testcase classname="com.coursera.org.Test.IdentifyCoursesTest$validateIdentifyCourses" name="testFetchFirstCourseDetails" time="4.258"/>
  <system-out>
    <![CDATA[ 
Details of First Course :
 
Course Name - Web Design for Everybody: Basics of Web Development & Coding
Course Rating - 4.7
Course Duration - Approximately 6 months to complete]]>
  </system-out>
  <testcase classname="com.coursera.org.Test.IdentifyCoursesTest$validateIdentifyCourses" name="testFetchSecondCourseDetails" time="4.985"/>
  <system-out>
    <![CDATA[ 
Details of Second Course :
 
Course Name - Introduction to Web Development
Course Rating - 4.7
Course Duration - Approx. 22 hours to complete]]>
  </system-out>
  <testcase classname="com.coursera.org.Test.IdentifyCoursesTest$validateIdentifyCourses" name="returnHomePage" time="4.134"/>
  <system-out/>
</testsuite> <!-- com.coursera.org.Test.IdentifyCoursesTest$validateIdentifyCourses -->
