<?xml version="1.0" encoding="UTF-8"?>
<!-- Generated by org.testng.reporters.JUnitReportReporter -->
<testsuite hostname="karan" failures="0" tests="3" name="com.coursera.org.Test.LanguageLearningCourseCountTest" time="38.012" errors="0" timestamp="04 Oct 2021 07:06:42 GMT" skipped="0">
  <testcase classname="com.coursera.org.Test.LanguageLearningCourseCountTest" name="testLoadLanguageLearningPage" time="12.817"/>
  <testcase classname="com.coursera.org.Test.LanguageLearningCourseCountTest" name="testLevelFilterAndPrintingValuesInExcel" time="2.095"/>
  <testcase classname="com.coursera.org.Test.LanguageLearningCourseCountTest" name="testLanguageFilterAndPrintingValuesInExcel" time="23.100"/>
</testsuite> <!-- com.coursera.org.Test.LanguageLearningCourseCountTest -->
