<?xml version="1.0" encoding="UTF-8"?>
<!-- Generated by org.testng.reporters.JUnitReportReporter -->
<testsuite hostname="karan" failures="0" tests="6" name="com.coursera.org.Test.IdentifyCoursesTest$validateIdentifyCourses" time="125.630" errors="0" timestamp="04 Oct 2021 07:06:42 GMT" skipped="0">
  <testcase classname="com.coursera.org.Test.IdentifyCoursesTest$validateIdentifyCourses" name="testSearchingWebDevelopmentCourse" time="45.441"/>
  <testcase classname="com.coursera.org.Test.IdentifyCoursesTest$validateIdentifyCourses" name="testApplyLanguagefilterAsEnglish" time="18.581"/>
  <testcase classname="com.coursera.org.Test.IdentifyCoursesTest$validateIdentifyCourses" name="testApplyLevelfilterAsBeginner" time="6.642"/>
  <testcase classname="com.coursera.org.Test.IdentifyCoursesTest$validateIdentifyCourses" name="testFetchFirstCourseDetails" time="10.082"/>
  <testcase classname="com.coursera.org.Test.IdentifyCoursesTest$validateIdentifyCourses" name="testFetchSecondCourseDetails" time="38.668"/>
  <testcase classname="com.coursera.org.Test.IdentifyCoursesTest$validateIdentifyCourses" name="returnHomePage" time="6.216"/>
</testsuite> <!-- com.coursera.org.Test.IdentifyCoursesTest$validateIdentifyCourses -->
